2D Rhythm Game/Temp/gradleOut/Firebase/build/outputs/logs/manifest-merger-release-report.txt
-- Merging decision tree log ---
manifest
ADDED from gradleOut\Firebase\AndroidManifest.xml:9:1-14:12
INJECTED from gradleOut\Firebase\AndroidManifest.xml:9:1-14:12
INJECTED from gradleOut\Firebase\AndroidManifest.xml:9:1-14:12
INJECTED from gradleOut\Firebase\AndroidManifest.xml:9:1-14:12
INJECTED from gradleOut\Firebase\AndroidManifest.xml:9:1-14:12
INJECTED from gradleOut\Firebase\AndroidManifest.xml:9:1-14:12
INJECTED from gradleOut\Firebase\AndroidManifest.xml:9:1-14:12
	package
		ADDED from gradleOut\Firebase\AndroidManifest.xml:10:11-46
		INJECTED from gradleOut\Firebase\AndroidManifest.xml
		INJECTED from gradleOut\Firebase\AndroidManifest.xml
	android:versionName
		ADDED from gradleOut\Firebase\AndroidManifest.xml:12:11-36
		INJECTED from gradleOut\Firebase\AndroidManifest.xml
		INJECTED from gradleOut\Firebase\AndroidManifest.xml
	xmlns:android
		ADDED from gradleOut\Firebase\AndroidManifest.xml:9:11-69
	android:versionCode
		ADDED from gradleOut\Firebase\AndroidManifest.xml:11:11-34
		INJECTED from gradleOut\Firebase\AndroidManifest.xml
		INJECTED from gradleOut\Firebase\AndroidManifest.xml
uses-sdk
ADDED from gradleOut\Firebase\AndroidManifest.xml:13:3-41
INJECTED from gradleOut\Firebase\AndroidManifest.xml:13:3-41
INJECTED from gradleOut\Firebase\AndroidManifest.xml:13:3-41
	android:targetSdkVersion
		INJECTED from gradleOut\Firebase\AndroidManifest.xml
		ADDED from gradleOut\Firebase\AndroidManifest.xml:13:3-41
		INJECTED from gradleOut\Firebase\AndroidManifest.xml
	android:minSdkVersion
		ADDED from gradleOut\Firebase\AndroidManifest.xml:13:13-39